<?xml version="1.0" encoding="UTF-8"?>
<testsuite name="com.mealmatch.gatewayservice.GatewayServiceApplicationTests" tests="1" skipped="0" failures="0" errors="0" timestamp="2023-05-16T00:12:43" hostname="Taewoo-MacBookPro.local" time="0.165">
  <properties/>
  <testcase name="contextLoads()" classname="com.mealmatch.gatewayservice.GatewayServiceApplicationTests" time="0.165"/>
  <system-out><![CDATA[09:12:41.946 [Test worker] DEBUG org.springframework.test.context.BootstrapUtils - Instantiating CacheAwareContextLoaderDelegate from class [org.springframework.test.context.cache.DefaultCacheAwareContextLoaderDelegate]
09:12:41.950 [Test worker] DEBUG org.springframework.test.context.BootstrapUtils - Instantiating BootstrapContext using constructor [public org.springframework.test.context.support.DefaultBootstrapContext(java.lang.Class,org.springframework.test.context.CacheAwareContextLoaderDelegate)]
09:12:41.963 [Test worker] DEBUG org.springframework.test.context.BootstrapUtils - Instantiating TestContextBootstrapper for test class [com.mealmatch.gatewayservice.GatewayServiceApplicationTests] from class [org.springframework.boot.test.context.SpringBootTestContextBootstrapper]
09:12:41.968 [Test worker] INFO org.springframework.boot.test.context.SpringBootTestContextBootstrapper - Neither @ContextConfiguration nor @ContextHierarchy found for test class [com.mealmatch.gatewayservice.GatewayServiceApplicationTests], using SpringBootContextLoader
09:12:41.970 [Test worker] DEBUG org.springframework.test.context.support.AbstractContextLoader - Did not detect default resource location for test class [com.mealmatch.gatewayservice.GatewayServiceApplicationTests]: class path resource [com/mealmatch/gatewayservice/GatewayServiceApplicationTests-context.xml] does not exist
09:12:41.970 [Test worker] DEBUG org.springframework.test.context.support.AbstractContextLoader - Did not detect default resource location for test class [com.mealmatch.gatewayservice.GatewayServiceApplicationTests]: class path resource [com/mealmatch/gatewayservice/GatewayServiceApplicationTestsContext.groovy] does not exist
09:12:41.970 [Test worker] INFO org.springframework.test.context.support.AbstractContextLoader - Could not detect default resource locations for test class [com.mealmatch.gatewayservice.GatewayServiceApplicationTests]: no resource found for suffixes {-context.xml, Context.groovy}.
09:12:41.970 [Test worker] INFO org.springframework.test.context.support.AnnotationConfigContextLoaderUtils - Could not detect default configuration classes for test class [com.mealmatch.gatewayservice.GatewayServiceApplicationTests]: GatewayServiceApplicationTests does not declare any static, non-private, non-final, nested classes annotated with @Configuration.
09:12:41.987 [Test worker] DEBUG org.springframework.test.context.support.ActiveProfilesUtils - Could not find an 'annotation declaring class' for annotation type [org.springframework.test.context.ActiveProfiles] and class [com.mealmatch.gatewayservice.GatewayServiceApplicationTests]
09:12:42.008 [Test worker] DEBUG org.springframework.context.annotation.ClassPathScanningCandidateComponentProvider - Identified candidate component class: file [/Users/ing9990/Documents/local/meal-match/gateway-service/build/classes/java/main/com/mealmatch/gatewayservice/GatewayServiceApplication.class]
09:12:42.009 [Test worker] INFO org.springframework.boot.test.context.SpringBootTestContextBootstrapper - Found @SpringBootConfiguration com.mealmatch.gatewayservice.GatewayServiceApplication for test class com.mealmatch.gatewayservice.GatewayServiceApplicationTests
09:12:42.045 [Test worker] DEBUG org.springframework.boot.test.context.SpringBootTestContextBootstrapper - @TestExecutionListeners is not present for class [com.mealmatch.gatewayservice.GatewayServiceApplicationTests]: using defaults.
09:12:42.045 [Test worker] INFO org.springframework.boot.test.context.SpringBootTestContextBootstrapper - Loaded default TestExecutionListener class names from location [META-INF/spring.factories]: [org.springframework.boot.test.autoconfigure.restdocs.RestDocsTestExecutionListener, org.springframework.boot.test.autoconfigure.web.client.MockRestServiceServerResetTestExecutionListener, org.springframework.boot.test.autoconfigure.web.servlet.MockMvcPrintOnlyOnFailureTestExecutionListener, org.springframework.boot.test.autoconfigure.web.servlet.WebDriverTestExecutionListener, org.springframework.boot.test.autoconfigure.webservices.client.MockWebServiceServerTestExecutionListener, org.springframework.boot.test.mock.mockito.MockitoTestExecutionListener, org.springframework.boot.test.mock.mockito.ResetMocksTestExecutionListener, org.springframework.test.context.web.ServletTestExecutionListener, org.springframework.test.context.support.DirtiesContextBeforeModesTestExecutionListener, org.springframework.test.context.event.ApplicationEventsTestExecutionListener, org.springframework.test.context.support.DependencyInjectionTestExecutionListener, org.springframework.test.context.support.DirtiesContextTestExecutionListener, org.springframework.test.context.transaction.TransactionalTestExecutionListener, org.springframework.test.context.jdbc.SqlScriptsTestExecutionListener, org.springframework.test.context.event.EventPublishingTestExecutionListener]
09:12:42.049 [Test worker] DEBUG org.springframework.boot.test.context.SpringBootTestContextBootstrapper - Skipping candidate TestExecutionListener [org.springframework.test.context.web.ServletTestExecutionListener] due to a missing dependency. Specify custom listener classes or make the default listener classes and their required dependencies available. Offending class: [javax/servlet/ServletContext]
09:12:42.050 [Test worker] DEBUG org.springframework.boot.test.context.SpringBootTestContextBootstrapper - Skipping candidate TestExecutionListener [org.springframework.test.context.transaction.TransactionalTestExecutionListener] due to a missing dependency. Specify custom listener classes or make the default listener classes and their required dependencies available. Offending class: [org/springframework/transaction/interceptor/TransactionAttributeSource]
09:12:42.050 [Test worker] DEBUG org.springframework.boot.test.context.SpringBootTestContextBootstrapper - Skipping candidate TestExecutionListener [org.springframework.test.context.jdbc.SqlScriptsTestExecutionListener] due to a missing dependency. Specify custom listener classes or make the default listener classes and their required dependencies available. Offending class: [org/springframework/transaction/interceptor/TransactionAttribute]
09:12:42.050 [Test worker] INFO org.springframework.boot.test.context.SpringBootTestContextBootstrapper - Using TestExecutionListeners: [org.springframework.test.context.support.DirtiesContextBeforeModesTestExecutionListener@6731787b, org.springframework.test.context.event.ApplicationEventsTestExecutionListener@16f7b4af, org.springframework.boot.test.mock.mockito.MockitoTestExecutionListener@7adf16aa, org.springframework.boot.test.autoconfigure.SpringBootDependencyInjectionTestExecutionListener@34a1d21f, org.springframework.test.context.support.DirtiesContextTestExecutionListener@58bf8650, org.springframework.test.context.event.EventPublishingTestExecutionListener@73c60324, org.springframework.boot.test.autoconfigure.restdocs.RestDocsTestExecutionListener@71ae31b0, org.springframework.boot.test.autoconfigure.web.client.MockRestServiceServerResetTestExecutionListener@4ba534b0, org.springframework.boot.test.autoconfigure.web.servlet.MockMvcPrintOnlyOnFailureTestExecutionListener@6f0ca692, org.springframework.boot.test.autoconfigure.web.servlet.WebDriverTestExecutionListener@2c104774, org.springframework.boot.test.autoconfigure.webservices.client.MockWebServiceServerTestExecutionListener@2cb3d0f7, org.springframework.boot.test.mock.mockito.ResetMocksTestExecutionListener@4e517165]
09:12:42.051 [Test worker] DEBUG org.springframework.test.context.support.AbstractDirtiesContextTestExecutionListener - Before test class: context [DefaultTestContext@39dcf4b0 testClass = GatewayServiceApplicationTests, testInstance = [null], testMethod = [null], testException = [null], mergedContextConfiguration = [ReactiveWebMergedContextConfiguration@6e4de19b testClass = GatewayServiceApplicationTests, locations = '{}', classes = '{class com.mealmatch.gatewayservice.GatewayServiceApplication}', contextInitializerClasses = '[]', activeProfiles = '{}', propertySourceLocations = '{}', propertySourceProperties = '{org.springframework.boot.test.context.SpringBootTestContextBootstrapper=true}', contextCustomizers = set[org.springframework.boot.test.autoconfigure.actuate.metrics.MetricsExportContextCustomizerFactory$DisableMetricExportContextCustomizer@ca30bc1, org.springframework.boot.test.autoconfigure.properties.PropertyMappingContextCustomizer@0, org.springframework.boot.test.autoconfigure.web.servlet.WebDriverContextCustomizerFactory$Customizer@265adfad, org.springframework.boot.test.context.filter.ExcludeFilterContextCustomizer@5d066c7d, org.springframework.boot.test.json.DuplicateJsonObjectContextCustomizerFactory$DuplicateJsonObjectContextCustomizer@1603cd68, org.springframework.boot.test.mock.mockito.MockitoContextCustomizer@0, org.springframework.boot.test.web.client.TestRestTemplateContextCustomizer@484094a5, org.springframework.boot.test.web.reactive.server.WebTestClientContextCustomizer@22f31dec, org.springframework.boot.test.context.SpringBootTestArgs@1, org.springframework.boot.test.context.SpringBootTestWebEnvironment@609db43b], contextLoader = 'org.springframework.boot.test.context.SpringBootContextLoader', parent = [null]], attributes = map[[empty]]], class annotated with @DirtiesContext [false] with mode [null].
09:12:42.056 [Test worker] DEBUG org.springframework.test.context.support.DependencyInjectionTestExecutionListener - Performing dependency injection for test context [[DefaultTestContext@39dcf4b0 testClass = GatewayServiceApplicationTests, testInstance = com.mealmatch.gatewayservice.GatewayServiceApplicationTests@21005f6c, testMethod = [null], testException = [null], mergedContextConfiguration = [ReactiveWebMergedContextConfiguration@6e4de19b testClass = GatewayServiceApplicationTests, locations = '{}', classes = '{class com.mealmatch.gatewayservice.GatewayServiceApplication}', contextInitializerClasses = '[]', activeProfiles = '{}', propertySourceLocations = '{}', propertySourceProperties = '{org.springframework.boot.test.context.SpringBootTestContextBootstrapper=true}', contextCustomizers = set[org.springframework.boot.test.autoconfigure.actuate.metrics.MetricsExportContextCustomizerFactory$DisableMetricExportContextCustomizer@ca30bc1, org.springframework.boot.test.autoconfigure.properties.PropertyMappingContextCustomizer@0, org.springframework.boot.test.autoconfigure.web.servlet.WebDriverContextCustomizerFactory$Customizer@265adfad, org.springframework.boot.test.context.filter.ExcludeFilterContextCustomizer@5d066c7d, org.springframework.boot.test.json.DuplicateJsonObjectContextCustomizerFactory$DuplicateJsonObjectContextCustomizer@1603cd68, org.springframework.boot.test.mock.mockito.MockitoContextCustomizer@0, org.springframework.boot.test.web.client.TestRestTemplateContextCustomizer@484094a5, org.springframework.boot.test.web.reactive.server.WebTestClientContextCustomizer@22f31dec, org.springframework.boot.test.context.SpringBootTestArgs@1, org.springframework.boot.test.context.SpringBootTestWebEnvironment@609db43b], contextLoader = 'org.springframework.boot.test.context.SpringBootContextLoader', parent = [null]], attributes = map['org.springframework.test.context.event.ApplicationEventsTestExecutionListener.recordApplicationEvents' -> false]]].

  .   ____          _            __ _ _
 /\\ / ___'_ __ _ _(_)_ __  __ _ \ \ \ \
( ( )\___ | '_ | '_| | '_ \/ _` | \ \ \ \
 \\/  ___)| |_)| | | | | || (_| |  ) ) ) )
  '  |____| .__|_| |_|_| |_\__, | / / / /
 =========|_|==============|___/=/_/_/_/
 :: Spring Boot ::               (v2.7.11)

2023-05-16 09:12:42.196  INFO 7918 --- [    Test worker] c.m.g.GatewayServiceApplicationTests     : Starting GatewayServiceApplicationTests using Java 18.0.2 on Taewoo-MacBookPro.local with PID 7918 (started by ing9990 in /Users/ing9990/Documents/local/meal-match/gateway-service)
2023-05-16 09:12:42.197  INFO 7918 --- [    Test worker] c.m.g.GatewayServiceApplicationTests     : No active profile set, falling back to 1 default profile: "default"
2023-05-16 09:12:42.523  INFO 7918 --- [    Test worker] o.s.cloud.context.scope.GenericScope     : BeanFactory id=ed695c35-8983-3ddc-a28d-67d771e0fe64
2023-05-16 09:12:42.569  INFO 7918 --- [    Test worker] trationDelegate$BeanPostProcessorChecker : Bean 'org.springframework.cloud.client.loadbalancer.reactive.LoadBalancerBeanPostProcessorAutoConfiguration' of type [org.springframework.cloud.client.loadbalancer.reactive.LoadBalancerBeanPostProcessorAutoConfiguration] is not eligible for getting processed by all BeanPostProcessors (for example: not eligible for auto-proxying)
2023-05-16 09:12:42.570  INFO 7918 --- [    Test worker] trationDelegate$BeanPostProcessorChecker : Bean 'org.springframework.cloud.client.loadbalancer.reactive.LoadBalancerBeanPostProcessorAutoConfiguration$ReactorDeferringLoadBalancerFilterConfig' of type [org.springframework.cloud.client.loadbalancer.reactive.LoadBalancerBeanPostProcessorAutoConfiguration$ReactorDeferringLoadBalancerFilterConfig] is not eligible for getting processed by all BeanPostProcessors (for example: not eligible for auto-proxying)
2023-05-16 09:12:42.571  INFO 7918 --- [    Test worker] trationDelegate$BeanPostProcessorChecker : Bean 'reactorDeferringLoadBalancerExchangeFilterFunction' of type [org.springframework.cloud.client.loadbalancer.reactive.DeferringLoadBalancerExchangeFilterFunction] is not eligible for getting processed by all BeanPostProcessors (for example: not eligible for auto-proxying)
2023-05-16 09:12:42.973  INFO 7918 --- [    Test worker] o.s.c.g.r.RouteDefinitionRouteLocator    : Loaded RoutePredicateFactory [After]
2023-05-16 09:12:42.973  INFO 7918 --- [    Test worker] o.s.c.g.r.RouteDefinitionRouteLocator    : Loaded RoutePredicateFactory [Before]
2023-05-16 09:12:42.973  INFO 7918 --- [    Test worker] o.s.c.g.r.RouteDefinitionRouteLocator    : Loaded RoutePredicateFactory [Between]
2023-05-16 09:12:42.974  INFO 7918 --- [    Test worker] o.s.c.g.r.RouteDefinitionRouteLocator    : Loaded RoutePredicateFactory [Cookie]
2023-05-16 09:12:42.974  INFO 7918 --- [    Test worker] o.s.c.g.r.RouteDefinitionRouteLocator    : Loaded RoutePredicateFactory [Header]
2023-05-16 09:12:42.974  INFO 7918 --- [    Test worker] o.s.c.g.r.RouteDefinitionRouteLocator    : Loaded RoutePredicateFactory [Host]
2023-05-16 09:12:42.974  INFO 7918 --- [    Test worker] o.s.c.g.r.RouteDefinitionRouteLocator    : Loaded RoutePredicateFactory [Method]
2023-05-16 09:12:42.974  INFO 7918 --- [    Test worker] o.s.c.g.r.RouteDefinitionRouteLocator    : Loaded RoutePredicateFactory [Path]
2023-05-16 09:12:42.974  INFO 7918 --- [    Test worker] o.s.c.g.r.RouteDefinitionRouteLocator    : Loaded RoutePredicateFactory [Query]
2023-05-16 09:12:42.974  INFO 7918 --- [    Test worker] o.s.c.g.r.RouteDefinitionRouteLocator    : Loaded RoutePredicateFactory [ReadBody]
2023-05-16 09:12:42.974  INFO 7918 --- [    Test worker] o.s.c.g.r.RouteDefinitionRouteLocator    : Loaded RoutePredicateFactory [RemoteAddr]
2023-05-16 09:12:42.974  INFO 7918 --- [    Test worker] o.s.c.g.r.RouteDefinitionRouteLocator    : Loaded RoutePredicateFactory [XForwardedRemoteAddr]
2023-05-16 09:12:42.974  INFO 7918 --- [    Test worker] o.s.c.g.r.RouteDefinitionRouteLocator    : Loaded RoutePredicateFactory [Weight]
2023-05-16 09:12:42.974  INFO 7918 --- [    Test worker] o.s.c.g.r.RouteDefinitionRouteLocator    : Loaded RoutePredicateFactory [CloudFoundryRouteService]
2023-05-16 09:12:43.094  INFO 7918 --- [    Test worker] DiscoveryClientOptionalArgsConfiguration : Eureka HTTP Client uses RestTemplate.
2023-05-16 09:12:43.163  WARN 7918 --- [    Test worker] iguration$LoadBalancerCaffeineWarnLogger : Spring Cloud LoadBalancer is currently working with the default cache. While this cache implementation is useful for development and tests, it's recommended to use Caffeine cache in production.You can switch to using Caffeine cache, by adding it and org.springframework.cache.caffeine.CaffeineCacheManager to the classpath.
2023-05-16 09:12:43.176  INFO 7918 --- [    Test worker] o.s.c.n.eureka.InstanceInfoFactory       : Setting initial instance status as: STARTING
2023-05-16 09:12:43.208  INFO 7918 --- [    Test worker] com.netflix.discovery.DiscoveryClient    : Initializing Eureka in region us-east-1
2023-05-16 09:12:43.210  INFO 7918 --- [    Test worker] c.n.d.s.r.aws.ConfigClusterResolver      : Resolving eureka endpoints via configuration
2023-05-16 09:12:43.221  INFO 7918 --- [    Test worker] com.netflix.discovery.DiscoveryClient    : Disable delta property : false
2023-05-16 09:12:43.221  INFO 7918 --- [    Test worker] com.netflix.discovery.DiscoveryClient    : Single vip registry refresh property : null
2023-05-16 09:12:43.221  INFO 7918 --- [    Test worker] com.netflix.discovery.DiscoveryClient    : Force full registry fetch : false
2023-05-16 09:12:43.221  INFO 7918 --- [    Test worker] com.netflix.discovery.DiscoveryClient    : Application is null : false
2023-05-16 09:12:43.221  INFO 7918 --- [    Test worker] com.netflix.discovery.DiscoveryClient    : Registered Applications size is zero : true
2023-05-16 09:12:43.221  INFO 7918 --- [    Test worker] com.netflix.discovery.DiscoveryClient    : Application version is -1: true
2023-05-16 09:12:43.221  INFO 7918 --- [    Test worker] com.netflix.discovery.DiscoveryClient    : Getting all instance registry info from the eureka server
2023-05-16 09:12:43.392  INFO 7918 --- [    Test worker] com.netflix.discovery.DiscoveryClient    : The response status is 200
2023-05-16 09:12:43.393  INFO 7918 --- [    Test worker] com.netflix.discovery.DiscoveryClient    : Starting heartbeat executor: renew interval is: 30
2023-05-16 09:12:43.394  INFO 7918 --- [    Test worker] c.n.discovery.InstanceInfoReplicator     : InstanceInfoReplicator onDemand update allowed rate per min is 4
2023-05-16 09:12:43.398  INFO 7918 --- [    Test worker] com.netflix.discovery.DiscoveryClient    : Discovery Client initialized at timestamp 1684195963398 with initial instances count: 0
2023-05-16 09:12:43.400  INFO 7918 --- [    Test worker] o.s.c.n.e.s.EurekaServiceRegistry        : Registering application GATEWAY-SERVICE with eureka with status UP
2023-05-16 09:12:43.400  INFO 7918 --- [    Test worker] com.netflix.discovery.DiscoveryClient    : Saw local status change event StatusChangeEvent [timestamp=1684195963400, current=UP, previous=STARTING]
2023-05-16 09:12:43.401  INFO 7918 --- [nfoReplicator-0] com.netflix.discovery.DiscoveryClient    : DiscoveryClient_GATEWAY-SERVICE/172.16.0.60:gateway-service:8000: registering service...
2023-05-16 09:12:43.437  INFO 7918 --- [    Test worker] c.m.g.GatewayServiceApplicationTests     : Started GatewayServiceApplicationTests in 1.371 seconds (JVM running for 1.816)
2023-05-16 09:12:43.438  INFO 7918 --- [nfoReplicator-0] com.netflix.discovery.DiscoveryClient    : DiscoveryClient_GATEWAY-SERVICE/172.16.0.60:gateway-service:8000 - registration status: 204
]]></system-out>
  <system-err><![CDATA[]]></system-err>
</testsuite>
