<?xml version="1.0" encoding="UTF-8"?>
<testsuite name="com.mealmatch.mealmatchdiscovery.MealmatchDiscoveryApplicationTests" tests="1" skipped="0" failures="0" errors="0" timestamp="2023-05-15T00:34:31" hostname="Taewoo-MacBookPro.local" time="0.159">
  <properties/>
  <testcase name="contextLoads()" classname="com.mealmatch.mealmatchdiscovery.MealmatchDiscoveryApplicationTests" time="0.159"/>
  <system-out><![CDATA[09:34:29.919 [Test worker] DEBUG org.springframework.test.context.BootstrapUtils - Instantiating CacheAwareContextLoaderDelegate from class [org.springframework.test.context.cache.DefaultCacheAwareContextLoaderDelegate]
09:34:29.924 [Test worker] DEBUG org.springframework.test.context.BootstrapUtils - Instantiating BootstrapContext using constructor [public org.springframework.test.context.support.DefaultBootstrapContext(java.lang.Class,org.springframework.test.context.CacheAwareContextLoaderDelegate)]
09:34:29.936 [Test worker] DEBUG org.springframework.test.context.BootstrapUtils - Instantiating TestContextBootstrapper for test class [com.mealmatch.mealmatchdiscovery.MealmatchDiscoveryApplicationTests] from class [org.springframework.boot.test.context.SpringBootTestContextBootstrapper]
09:34:29.941 [Test worker] INFO org.springframework.boot.test.context.SpringBootTestContextBootstrapper - Neither @ContextConfiguration nor @ContextHierarchy found for test class [com.mealmatch.mealmatchdiscovery.MealmatchDiscoveryApplicationTests], using SpringBootContextLoader
09:34:29.942 [Test worker] DEBUG org.springframework.test.context.support.AbstractContextLoader - Did not detect default resource location for test class [com.mealmatch.mealmatchdiscovery.MealmatchDiscoveryApplicationTests]: class path resource [com/mealmatch/mealmatchdiscovery/MealmatchDiscoveryApplicationTests-context.xml] does not exist
09:34:29.943 [Test worker] DEBUG org.springframework.test.context.support.AbstractContextLoader - Did not detect default resource location for test class [com.mealmatch.mealmatchdiscovery.MealmatchDiscoveryApplicationTests]: class path resource [com/mealmatch/mealmatchdiscovery/MealmatchDiscoveryApplicationTestsContext.groovy] does not exist
09:34:29.943 [Test worker] INFO org.springframework.test.context.support.AbstractContextLoader - Could not detect default resource locations for test class [com.mealmatch.mealmatchdiscovery.MealmatchDiscoveryApplicationTests]: no resource found for suffixes {-context.xml, Context.groovy}.
09:34:29.943 [Test worker] INFO org.springframework.test.context.support.AnnotationConfigContextLoaderUtils - Could not detect default configuration classes for test class [com.mealmatch.mealmatchdiscovery.MealmatchDiscoveryApplicationTests]: MealmatchDiscoveryApplicationTests does not declare any static, non-private, non-final, nested classes annotated with @Configuration.
09:34:29.958 [Test worker] DEBUG org.springframework.test.context.support.ActiveProfilesUtils - Could not find an 'annotation declaring class' for annotation type [org.springframework.test.context.ActiveProfiles] and class [com.mealmatch.mealmatchdiscovery.MealmatchDiscoveryApplicationTests]
09:34:29.980 [Test worker] DEBUG org.springframework.context.annotation.ClassPathScanningCandidateComponentProvider - Identified candidate component class: file [/Users/ing9990/Documents/local/meal-match/mealmatch-discovery/build/classes/java/main/com/mealmatch/mealmatchdiscovery/MealmatchDiscoveryApplication.class]
09:34:29.981 [Test worker] INFO org.springframework.boot.test.context.SpringBootTestContextBootstrapper - Found @SpringBootConfiguration com.mealmatch.mealmatchdiscovery.MealmatchDiscoveryApplication for test class com.mealmatch.mealmatchdiscovery.MealmatchDiscoveryApplicationTests
09:34:30.018 [Test worker] DEBUG org.springframework.boot.test.context.SpringBootTestContextBootstrapper - @TestExecutionListeners is not present for class [com.mealmatch.mealmatchdiscovery.MealmatchDiscoveryApplicationTests]: using defaults.
09:34:30.019 [Test worker] INFO org.springframework.boot.test.context.SpringBootTestContextBootstrapper - Loaded default TestExecutionListener class names from location [META-INF/spring.factories]: [org.springframework.boot.test.autoconfigure.restdocs.RestDocsTestExecutionListener, org.springframework.boot.test.autoconfigure.web.client.MockRestServiceServerResetTestExecutionListener, org.springframework.boot.test.autoconfigure.web.servlet.MockMvcPrintOnlyOnFailureTestExecutionListener, org.springframework.boot.test.autoconfigure.web.servlet.WebDriverTestExecutionListener, org.springframework.boot.test.autoconfigure.webservices.client.MockWebServiceServerTestExecutionListener, org.springframework.boot.test.mock.mockito.MockitoTestExecutionListener, org.springframework.boot.test.mock.mockito.ResetMocksTestExecutionListener, org.springframework.test.context.web.ServletTestExecutionListener, org.springframework.test.context.support.DirtiesContextBeforeModesTestExecutionListener, org.springframework.test.context.event.ApplicationEventsTestExecutionListener, org.springframework.test.context.support.DependencyInjectionTestExecutionListener, org.springframework.test.context.support.DirtiesContextTestExecutionListener, org.springframework.test.context.transaction.TransactionalTestExecutionListener, org.springframework.test.context.jdbc.SqlScriptsTestExecutionListener, org.springframework.test.context.event.EventPublishingTestExecutionListener]
09:34:30.023 [Test worker] DEBUG org.springframework.boot.test.context.SpringBootTestContextBootstrapper - Skipping candidate TestExecutionListener [org.springframework.test.context.transaction.TransactionalTestExecutionListener] due to a missing dependency. Specify custom listener classes or make the default listener classes and their required dependencies available. Offending class: [org/springframework/transaction/interceptor/TransactionAttributeSource]
09:34:30.024 [Test worker] DEBUG org.springframework.boot.test.context.SpringBootTestContextBootstrapper - Skipping candidate TestExecutionListener [org.springframework.test.context.jdbc.SqlScriptsTestExecutionListener] due to a missing dependency. Specify custom listener classes or make the default listener classes and their required dependencies available. Offending class: [org/springframework/transaction/interceptor/TransactionAttribute]
09:34:30.024 [Test worker] INFO org.springframework.boot.test.context.SpringBootTestContextBootstrapper - Using TestExecutionListeners: [org.springframework.test.context.web.ServletTestExecutionListener@69637b10, org.springframework.test.context.support.DirtiesContextBeforeModesTestExecutionListener@71984c3, org.springframework.test.context.event.ApplicationEventsTestExecutionListener@165b2f7f, org.springframework.boot.test.mock.mockito.MockitoTestExecutionListener@5536379e, org.springframework.boot.test.autoconfigure.SpringBootDependencyInjectionTestExecutionListener@277f7dd3, org.springframework.test.context.support.DirtiesContextTestExecutionListener@6c8bca63, org.springframework.test.context.event.EventPublishingTestExecutionListener@2364305a, org.springframework.boot.test.autoconfigure.restdocs.RestDocsTestExecutionListener@470a696f, org.springframework.boot.test.autoconfigure.web.client.MockRestServiceServerResetTestExecutionListener@1bc715b8, org.springframework.boot.test.autoconfigure.web.servlet.MockMvcPrintOnlyOnFailureTestExecutionListener@292d1c71, org.springframework.boot.test.autoconfigure.web.servlet.WebDriverTestExecutionListener@2b491fee, org.springframework.boot.test.autoconfigure.webservices.client.MockWebServiceServerTestExecutionListener@3f1c5af9, org.springframework.boot.test.mock.mockito.ResetMocksTestExecutionListener@1c55f277]
09:34:30.025 [Test worker] DEBUG org.springframework.test.context.support.AbstractDirtiesContextTestExecutionListener - Before test class: context [DefaultTestContext@7adf16aa testClass = MealmatchDiscoveryApplicationTests, testInstance = [null], testMethod = [null], testException = [null], mergedContextConfiguration = [WebMergedContextConfiguration@34a1d21f testClass = MealmatchDiscoveryApplicationTests, locations = '{}', classes = '{class com.mealmatch.mealmatchdiscovery.MealmatchDiscoveryApplication}', contextInitializerClasses = '[]', activeProfiles = '{}', propertySourceLocations = '{}', propertySourceProperties = '{org.springframework.boot.test.context.SpringBootTestContextBootstrapper=true}', contextCustomizers = set[org.springframework.boot.test.autoconfigure.actuate.metrics.MetricsExportContextCustomizerFactory$DisableMetricExportContextCustomizer@21ba0741, org.springframework.boot.test.autoconfigure.properties.PropertyMappingContextCustomizer@0, org.springframework.boot.test.autoconfigure.web.servlet.WebDriverContextCustomizerFactory$Customizer@67545b57, org.springframework.boot.test.context.filter.ExcludeFilterContextCustomizer@74589991, org.springframework.boot.test.json.DuplicateJsonObjectContextCustomizerFactory$DuplicateJsonObjectContextCustomizer@1869fbd2, org.springframework.boot.test.mock.mockito.MockitoContextCustomizer@0, org.springframework.boot.test.web.client.TestRestTemplateContextCustomizer@2fd953a6, org.springframework.boot.test.context.SpringBootTestArgs@1, org.springframework.boot.test.context.SpringBootTestWebEnvironment@7c1e2a9e], resourceBasePath = 'src/main/webapp', contextLoader = 'org.springframework.boot.test.context.SpringBootContextLoader', parent = [null]], attributes = map['org.springframework.test.context.web.ServletTestExecutionListener.activateListener' -> true]], class annotated with @DirtiesContext [false] with mode [null].

  .   ____          _            __ _ _
 /\\ / ___'_ __ _ _(_)_ __  __ _ \ \ \ \
( ( )\___ | '_ | '_| | '_ \/ _` | \ \ \ \
 \\/  ___)| |_)| | | | | || (_| |  ) ) ) )
  '  |____| .__|_| |_|_| |_\__, | / / / /
 =========|_|==============|___/=/_/_/_/
 :: Spring Boot ::               (v2.7.11)

2023-05-15 09:34:30.339  INFO 69390 --- [    Test worker] c.m.m.MealmatchDiscoveryApplicationTests : Starting MealmatchDiscoveryApplicationTests using Java 18.0.2 on Taewoo-MacBookPro.local with PID 69390 (started by ing9990 in /Users/ing9990/Documents/local/meal-match/mealmatch-discovery)
2023-05-15 09:34:30.339  INFO 69390 --- [    Test worker] c.m.m.MealmatchDiscoveryApplicationTests : No active profile set, falling back to 1 default profile: "default"
2023-05-15 09:34:30.718  INFO 69390 --- [    Test worker] o.s.cloud.context.scope.GenericScope     : BeanFactory id=53326967-7f96-3976-8bb6-c6a611dd9e40
2023-05-15 09:34:31.310  INFO 69390 --- [    Test worker] DiscoveryClientOptionalArgsConfiguration : Eureka HTTP Client uses Jersey
2023-05-15 09:34:31.353  WARN 69390 --- [    Test worker] iguration$LoadBalancerCaffeineWarnLogger : Spring Cloud LoadBalancer is currently working with the default cache. While this cache implementation is useful for development and tests, it's recommended to use Caffeine cache in production.You can switch to using Caffeine cache, by adding it and org.springframework.cache.caffeine.CaffeineCacheManager to the classpath.
2023-05-15 09:34:31.448  INFO 69390 --- [    Test worker] o.s.c.n.eureka.InstanceInfoFactory       : Setting initial instance status as: STARTING
2023-05-15 09:34:31.458  INFO 69390 --- [    Test worker] com.netflix.discovery.DiscoveryClient    : Initializing Eureka in region us-east-1
2023-05-15 09:34:31.459  INFO 69390 --- [    Test worker] com.netflix.discovery.DiscoveryClient    : Client configured to neither register nor query for data.
2023-05-15 09:34:31.462  INFO 69390 --- [    Test worker] com.netflix.discovery.DiscoveryClient    : Discovery Client initialized at timestamp 1684110871461 with initial instances count: 0
2023-05-15 09:34:31.479  INFO 69390 --- [    Test worker] c.n.eureka.DefaultEurekaServerContext    : Initializing ...
2023-05-15 09:34:31.481  INFO 69390 --- [    Test worker] c.n.eureka.cluster.PeerEurekaNodes       : Adding new peer nodes [http://localhost:8761/eureka/]
2023-05-15 09:34:31.583  INFO 69390 --- [    Test worker] c.n.d.provider.DiscoveryJerseyProvider   : Using JSON encoding codec LegacyJacksonJson
2023-05-15 09:34:31.583  INFO 69390 --- [    Test worker] c.n.d.provider.DiscoveryJerseyProvider   : Using JSON decoding codec LegacyJacksonJson
2023-05-15 09:34:31.583  INFO 69390 --- [    Test worker] c.n.d.provider.DiscoveryJerseyProvider   : Using XML encoding codec XStreamXml
2023-05-15 09:34:31.583  INFO 69390 --- [    Test worker] c.n.d.provider.DiscoveryJerseyProvider   : Using XML decoding codec XStreamXml
2023-05-15 09:34:31.656  INFO 69390 --- [    Test worker] c.n.eureka.cluster.PeerEurekaNodes       : Replica node URL:  http://localhost:8761/eureka/
2023-05-15 09:34:31.659  INFO 69390 --- [    Test worker] c.n.e.registry.AbstractInstanceRegistry  : Finished initializing remote region registries. All known remote regions: []
2023-05-15 09:34:31.659  INFO 69390 --- [    Test worker] c.n.eureka.DefaultEurekaServerContext    : Initialized
2023-05-15 09:34:31.707  INFO 69390 --- [    Test worker] o.s.b.a.e.web.EndpointLinksResolver      : Exposing 1 endpoint(s) beneath base path '/actuator'
2023-05-15 09:34:31.724  INFO 69390 --- [    Test worker] o.s.c.n.e.s.EurekaServiceRegistry        : Registering application MEALMATCHDISCOVERY with eureka with status UP
2023-05-15 09:34:31.729  INFO 69390 --- [      Thread-12] o.s.c.n.e.server.EurekaServerBootstrap   : isAws returned false
2023-05-15 09:34:31.729  INFO 69390 --- [      Thread-12] o.s.c.n.e.server.EurekaServerBootstrap   : Initialized server context
2023-05-15 09:34:31.729  INFO 69390 --- [      Thread-12] c.n.e.r.PeerAwareInstanceRegistryImpl    : Got 1 instances from neighboring DS node
2023-05-15 09:34:31.729  INFO 69390 --- [      Thread-12] c.n.e.r.PeerAwareInstanceRegistryImpl    : Renew threshold is: 1
2023-05-15 09:34:31.729  INFO 69390 --- [      Thread-12] c.n.e.r.PeerAwareInstanceRegistryImpl    : Changing status to UP
2023-05-15 09:34:31.734  INFO 69390 --- [      Thread-12] e.s.EurekaServerInitializerConfiguration : Started Eureka Server
2023-05-15 09:34:31.735  INFO 69390 --- [    Test worker] c.m.m.MealmatchDiscoveryApplicationTests : Started MealmatchDiscoveryApplicationTests in 1.69 seconds (JVM running for 2.143)
]]></system-out>
  <system-err><![CDATA[]]></system-err>
</testsuite>
